#
# There is insufficient memory for the Java Runtime Environment to continue.
# Native memory allocation (mmap) failed to map 134217728 bytes. Error detail: G1 virtual space
# Possible reasons:
#   The system is out of physical RAM or swap space
#   This process is running with CompressedOops enabled, and the Java Heap may be blocking the growth of the native heap
# Possible solutions:
#   Reduce memory load on the system
#   Increase physical memory or swap space
#   Check if swap backing store is full
#   Decrease Java heap size (-Xmx/-Xms)
#   Decrease number of Java threads
#   Decrease Java thread stack sizes (-Xss)
#   Set larger code cache with -XX:ReservedCodeCacheSize=
#   JVM is running with Unscaled Compressed Oops mode in which the Java heap is
#     placed in the first 4GB address space. The Java Heap base address is the
#     maximum limit for the native heap growth. Please use -XX:HeapBaseMinAddress
#     to set the Java Heap base and to place the Java Heap above 4GB virtual address.
# This output file may be truncated or incomplete.
#
#  Out of Memory Error (os_windows.cpp:3898), pid=92668, tid=101316
#
# JRE version:  (21.0.6+8) (build )
# Java VM: OpenJDK 64-Bit Server VM (21.0.6+8-b631.39, mixed mode, sharing, tiered, compressed oops, compressed class ptrs, g1 gc, windows-amd64)
# No core dump will be written. Minidumps are not enabled by default on client versions of Windows
#

---------------  S U M M A R Y ------------

Command Line: -Djava.rmi.server.hostname=127.0.0.1 -Duser.timezone=UTC -Xmx2048m -Xms128m -Djdbc.classpath=C:\Users\82106\AppData\Local\Temp\RemoteDriver1.classpath.txt --add-exports=java.desktop/sun.awt=ALL-UNNAMED --add-exports=java.desktop/java.awt.peer=ALL-UNNAMED --add-opens=java.desktop/java.awt=ALL-UNNAMED --add-opens=jdk.unsupported/sun.misc=ALL-UNNAMED --add-opens=java.base/java.nio=ALL-UNNAMED --add-opens=java.base/java.util=ALL-UNNAMED -Dfile.encoding=UTF-8 -Dsun.stdout.encoding=UTF-8 -Dsun.stderr.encoding=UTF-8 com.intellij.database.remote.RemoteJdbcServer com.mysql.cj.jdbc.Driver

Host: AMD Ryzen 5 3500X 6-Core Processor             , 6 cores, 31G,  Windows 10 , 64 bit Build 19041 (10.0.19041.5438)
Time: Wed Mar 26 20:46:32 2025  Windows 10 , 64 bit Build 19041 (10.0.19041.5438) elapsed time: 0.026716 seconds (0d 0h 0m 0s)

---------------  T H R E A D  ---------------

Current thread (0x0000027b991c1b30):  JavaThread "Unknown thread" [_thread_in_vm, id=101316, stack(0x000000dc88f00000,0x000000dc89000000) (1024K)]

Stack: [0x000000dc88f00000,0x000000dc89000000]
Native frames: (J=compiled Java code, j=interpreted, Vv=VM code, C=native code)
V  [jvm.dll+0x6e5d39]
V  [jvm.dll+0x8c4133]
V  [jvm.dll+0x8c668e]
V  [jvm.dll+0x8c6d73]
V  [jvm.dll+0x288f76]
V  [jvm.dll+0x6e25f5]
V  [jvm.dll+0x6d60aa]
V  [jvm.dll+0x3635bb]
V  [jvm.dll+0x36b186]
V  [jvm.dll+0x3bd4b6]
V  [jvm.dll+0x3bd788]
V  [jvm.dll+0x335d2c]
V  [jvm.dll+0x336a1b]
V  [jvm.dll+0x88b589]
V  [jvm.dll+0x3ca688]
V  [jvm.dll+0x874698]
V  [jvm.dll+0x45f04e]
V  [jvm.dll+0x460d31]
C  [jli.dll+0x52ab]
C  [ucrtbase.dll+0x21bb2]
C  [KERNEL32.DLL+0x17374]
C  [ntdll.dll+0x4cc91]


---------------  P R O C E S S  ---------------

Threads class SMR info:
_java_thread_list=0x00007ffc2a4da148, length=0, elements={
}

Java Threads: ( => current thread )
Total: 0

Other Threads:
  0x0000027b9b3474c0 WorkerThread "GC Thread#0"                     [id=105756, stack(0x000000dc89000000,0x000000dc89100000) (1024K)]
  0x0000027b9b3583b0 ConcurrentGCThread "G1 Main Marker"            [id=107192, stack(0x000000dc89100000,0x000000dc89200000) (1024K)]
  0x0000027b9b358dc0 WorkerThread "G1 Conc#0"                       [id=93212, stack(0x000000dc89200000,0x000000dc89300000) (1024K)]

[error occurred during error reporting (printing all threads), id 0xc0000005, EXCEPTION_ACCESS_VIOLATION (0xc0000005) at pc=0x00007ffc29bc8de7]
VM state: not at safepoint (not fully initialized)

VM Mutex/Monitor currently owned by a thread:  ([mutex/lock_event])
[0x00007ffc2a54eb30] Heap_lock - owner thread: 0x0000027b991c1b30

Heap address: 0x0000000080000000, size: 2048 MB, Compressed Oops mode: 32-bit

CDS archive(s) mapped at: [0x0000000000000000-0x0000000000000000-0x0000000000000000), size 0, SharedBaseAddress: 0x0000000800000000, ArchiveRelocationMode: 1.
Narrow klass base: 0x0000000000000000, Narrow klass shift: 0, Narrow klass range: 0x0

GC Precious Log:
 CardTable entry size: 512
 Card Set container configuration: InlinePtr #cards 5 size 8 Array Of Cards #cards 12 size 40 Howl #buckets 4 coarsen threshold 1843 Howl Bitmap #cards 512 size 80 coarsen threshold 460 Card regions per heap region 1 cards per card region 2048

Heap:
 garbage-first heap   total 0K, used 0K [0x0000000080000000, 0x0000000100000000)
  region size 1024K, 0 young (0K), 0 survivors (0K)
 Metaspace       used 0K, committed 0K, reserved 0K
  class space    used 0K, committed 0K, reserved 0K

Heap Regions: E=young(eden), S=young(survivor), O=old, HS=humongous(starts), HC=humongous(continues), CS=collection set, F=free, TAMS=top-at-mark-start, PB=parsable bottom

Card table byte_map: [0x0000027bae7a0000,0x0000027baeba0000] _byte_map_base: 0x0000027bae3a0000

Marking Bits: (CMBitMap*) 0x0000027b9b347ad0
 Bits: [0x0000027baeba0000, 0x0000027bb0ba0000)

GC Heap History (0 events):
No events

Dll operation events (1 events):
Event: 0.016 Loaded shared library C:\Program Files\JetBrains\IntelliJ IDEA 2023.3.6\jbr\bin\java.dll

Deoptimization events (0 events):
No events

Classes loaded (0 events):
No events

Classes unloaded (0 events):
No events

Classes redefined (0 events):
No events

Internal exceptions (0 events):
No events

ZGC Phase Switch (0 events):
No events

VM Operations (0 events):
No events

Memory protections (0 events):
No events

Nmethod flushes (0 events):
No events

Events (0 events):
No events


Dynamic libraries:
0x00007ff68faf0000 - 0x00007ff68fafa000 	C:\Program Files\JetBrains\IntelliJ IDEA 2023.3.6\jbr\bin\java.exe
0x00007ffc93a10000 - 0x00007ffc93c08000 	C:\Windows\SYSTEM32\ntdll.dll
0x00007ffc92eb0000 - 0x00007ffc92f72000 	C:\Windows\System32\KERNEL32.DLL
0x00007ffc910b0000 - 0x00007ffc913af000 	C:\Windows\System32\KERNELBASE.dll
0x00007ffc913b0000 - 0x00007ffc914b0000 	C:\Windows\System32\ucrtbase.dll
0x00007ffc7f340000 - 0x00007ffc7f358000 	C:\Program Files\JetBrains\IntelliJ IDEA 2023.3.6\jbr\bin\jli.dll
0x00007ffc893c0000 - 0x00007ffc893db000 	C:\Program Files\JetBrains\IntelliJ IDEA 2023.3.6\jbr\bin\VCRUNTIME140.dll
0x00007ffc921d0000 - 0x00007ffc9236d000 	C:\Windows\System32\USER32.dll
0x00007ffc914b0000 - 0x00007ffc914d2000 	C:\Windows\System32\win32u.dll
0x00007ffc91f60000 - 0x00007ffc91f8b000 	C:\Windows\System32\GDI32.dll
0x00007ffc91910000 - 0x00007ffc91a2a000 	C:\Windows\System32\gdi32full.dll
0x00007ffc916e0000 - 0x00007ffc9177d000 	C:\Windows\System32\msvcp_win.dll
0x00007ffc85820000 - 0x00007ffc85aba000 	C:\Windows\WinSxS\amd64_microsoft.windows.common-controls_6595b64144ccf1df_6.0.19041.4355_none_60b8b9eb71f62e16\COMCTL32.dll
0x00007ffc91ff0000 - 0x00007ffc9208e000 	C:\Windows\System32\msvcrt.dll
0x00007ffc925b0000 - 0x00007ffc925df000 	C:\Windows\System32\IMM32.DLL
0x00007ffc8a390000 - 0x00007ffc8a39c000 	C:\Program Files\JetBrains\IntelliJ IDEA 2023.3.6\jbr\bin\vcruntime140_1.dll
0x00007ffc7bee0000 - 0x00007ffc7bf6d000 	C:\Program Files\JetBrains\IntelliJ IDEA 2023.3.6\jbr\bin\msvcp140.dll
0x00007ffc29880000 - 0x00007ffc2a641000 	C:\Program Files\JetBrains\IntelliJ IDEA 2023.3.6\jbr\bin\server\jvm.dll
0x00007ffc91eb0000 - 0x00007ffc91f5f000 	C:\Windows\System32\ADVAPI32.dll
0x00007ffc93010000 - 0x00007ffc930af000 	C:\Windows\System32\sechost.dll
0x00007ffc93660000 - 0x00007ffc93783000 	C:\Windows\System32\RPCRT4.dll
0x00007ffc918e0000 - 0x00007ffc91907000 	C:\Windows\System32\bcrypt.dll
0x00007ffc93790000 - 0x00007ffc937fb000 	C:\Windows\System32\WS2_32.dll
0x00007ffc90640000 - 0x00007ffc9068b000 	C:\Windows\SYSTEM32\POWRPROF.dll
0x00007ffc89100000 - 0x00007ffc89127000 	C:\Windows\SYSTEM32\WINMM.dll
0x00007ffc8a150000 - 0x00007ffc8a15a000 	C:\Windows\SYSTEM32\VERSION.dll
0x00007ffc904b0000 - 0x00007ffc904c2000 	C:\Windows\SYSTEM32\UMPDC.dll
0x00007ffc8ef50000 - 0x00007ffc8ef62000 	C:\Windows\SYSTEM32\kernel.appcore.dll
0x00007ffc89420000 - 0x00007ffc8942a000 	C:\Program Files\JetBrains\IntelliJ IDEA 2023.3.6\jbr\bin\jimage.dll
0x00007ffc86690000 - 0x00007ffc86874000 	C:\Windows\SYSTEM32\DBGHELP.DLL
0x00007ffc764b0000 - 0x00007ffc764e4000 	C:\Windows\SYSTEM32\dbgcore.DLL
0x00007ffc914e0000 - 0x00007ffc91562000 	C:\Windows\System32\bcryptPrimitives.dll
0x00007ffc88880000 - 0x00007ffc888a0000 	C:\Program Files\JetBrains\IntelliJ IDEA 2023.3.6\jbr\bin\java.dll

dbghelp: loaded successfully - version: 4.0.5 - missing functions: none
symbol engine: initialized successfully - sym options: 0x614 - pdb path: .;C:\Program Files\JetBrains\IntelliJ IDEA 2023.3.6\jbr\bin;C:\Windows\SYSTEM32;C:\Windows\WinSxS\amd64_microsoft.windows.common-controls_6595b64144ccf1df_6.0.19041.4355_none_60b8b9eb71f62e16;C:\Program Files\JetBrains\IntelliJ IDEA 2023.3.6\jbr\bin\server

VM Arguments:
jvm_args: -Djava.rmi.server.hostname=127.0.0.1 -Duser.timezone=UTC -Xmx2048m -Xms128m -Djdbc.classpath=C:\Users\82106\AppData\Local\Temp\RemoteDriver1.classpath.txt --add-exports=java.desktop/sun.awt=ALL-UNNAMED --add-exports=java.desktop/java.awt.peer=ALL-UNNAMED --add-opens=java.desktop/java.awt=ALL-UNNAMED --add-opens=jdk.unsupported/sun.misc=ALL-UNNAMED --add-opens=java.base/java.nio=ALL-UNNAMED --add-opens=java.base/java.util=ALL-UNNAMED -Dfile.encoding=UTF-8 -Dsun.stdout.encoding=UTF-8 -Dsun.stderr.encoding=UTF-8 
java_command: com.intellij.database.remote.RemoteJdbcServer com.mysql.cj.jdbc.Driver
java_class_path (initial): C:\Program Files\JetBrains\IntelliJ IDEA 2023.3.6\lib\util_rt.jar;C:\Program Files\JetBrains\IntelliJ IDEA 2023.3.6\lib\util-8.jar;C:\Program Files\JetBrains\IntelliJ IDEA 2023.3.6\lib\groovy.jar;C:\Program Files\JetBrains\IntelliJ IDEA 2023.3.6\plugins\DatabaseTools\lib\jdbc-console.jar;C:\Program Files\JetBrains\IntelliJ IDEA 2023.3.6\plugins\grid-core-impl\lib\jdbc-console-types.jar;C:\Program Files\JetBrains\IntelliJ IDEA 2023.3.6\lib\util.jar;C:\Program Files\JetBrains\IntelliJ IDEA 2023.3.6\lib\bouncy-castle.jar
Launcher Type: SUN_STANDARD

[Global flags]
     intx CICompilerCount                          = 3                                         {product} {ergonomic}
     uint ConcGCThreads                            = 2                                         {product} {ergonomic}
     uint G1ConcRefinementThreads                  = 6                                         {product} {ergonomic}
   size_t G1HeapRegionSize                         = 1048576                                   {product} {ergonomic}
    uintx GCDrainStackTargetSize                   = 64                                        {product} {ergonomic}
   size_t InitialHeapSize                          = 134217728                                 {product} {command line}
   size_t MarkStackSize                            = 4194304                                   {product} {ergonomic}
   size_t MaxHeapSize                              = 2147483648                                {product} {command line}
   size_t MinHeapDeltaBytes                        = 1048576                                   {product} {ergonomic}
   size_t MinHeapSize                              = 134217728                                 {product} {command line}
    uintx NonNMethodCodeHeapSize                   = 5832780                                {pd product} {ergonomic}
    uintx NonProfiledCodeHeapSize                  = 122912730                              {pd product} {ergonomic}
    uintx ProfiledCodeHeapSize                     = 122912730                              {pd product} {ergonomic}
    uintx ReservedCodeCacheSize                    = 251658240                              {pd product} {ergonomic}
     bool SegmentedCodeCache                       = true                                      {product} {ergonomic}
   size_t SoftMaxHeapSize                          = 2147483648                             {manageable} {ergonomic}
     bool UseCompressedOops                        = true                           {product lp64_product} {ergonomic}
     bool UseG1GC                                  = true                                      {product} {ergonomic}
     bool UseLargePagesIndividualAllocation        = false                                  {pd product} {ergonomic}

Logging:
Log output configuration:
 #0: stdout all=warning uptime,level,tags foldmultilines=false
 #1: stderr all=off uptime,level,tags foldmultilines=false

Environment Variables:
JAVA_HOME=C:\Program Files\Java\jdk-8.0.392.8-hotspot\
PATH=C:\Program Files\Java\jdk-8.0.392.8-hotspot\bin;C:\Program Files\Common Files\Oracle\Java\javapath;C:\Program Files (x86)\Razer Chroma SDK\bin;C:\Program Files\Razer Chroma SDK\bin;C:\Program Files (x86)\Razer\ChromaBroadcast\bin;C:\Program Files\Razer\ChromaBroadcast\bin;C:\Windows\system32;C:\Windows;C:\Windows\System32\Wbem;C:\Windows\System32\WindowsPowerShell\v1.0\;C:\Windows\System32\OpenSSH\;C:\Program Files (x86)\NVIDIA Corporation\PhysX\Common;C:\Windows\system32\config\systemprofile\AppData\Local\Microsoft\WindowsApps;C:\Program Files\Git\cmd;C:\Program Files\Redis\;C:\Users\82106\AppData\Local\Microsoft\WindowsApps;C:\Program Files\Bandizip\;C:\Users\82106\AppData\Local\Programs\Microsoft VS Code\bin;C:\Program Files\JetBrains\IntelliJ IDEA Community Edition 2023.2.5\bin;
USERNAME=82106
OS=Windows_NT
PROCESSOR_IDENTIFIER=AMD64 Family 23 Model 113 Stepping 0, AuthenticAMD
TMP=C:\Users\82106\AppData\Local\Temp
TEMP=C:\Users\82106\AppData\Local\Temp




Periodic native trim disabled

JNI global refs:
JNI global refs: 0, weak refs: 0

JNI global refs memory usage: 0, weak refs: 0

Process memory usage:
Resident Set Size: 11396K (0% of 33502804K total physical memory with 7099952K free physical memory)

OOME stack traces (most recent first):
Classloader memory used:

---------------  S Y S T E M  ---------------

OS:
 Windows 10 , 64 bit Build 19041 (10.0.19041.5438)
OS uptime: 19 days 0:22 hours

CPU: total 6 (initial active 6) (6 cores per cpu, 1 threads per core) family 23 model 113 stepping 0 microcode 0x0, cx8, cmov, fxsr, mmx, 3dnowpref, sse, sse2, sse3, ssse3, sse4a, sse4.1, sse4.2, popcnt, lzcnt, tsc, tscinvbit, avx, avx2, aes, clmul, bmi1, bmi2, adx, sha, fma, vzeroupper, clflush, clflushopt, rdtscp, rdpid, f16c
Processor Information for the first 6 processors :
  Max Mhz: 3600, Current Mhz: 3600, Mhz Limit: 3600

Memory: 4k page, system-wide physical 32717M (6933M free)
TotalPageFile size 45005M (AvailPageFile size 64M)
current process WorkingSet (physical memory assigned to process): 11M, peak: 11M
current process commit charge ("private bytes"): 56M, peak: 184M

vm_info: OpenJDK 64-Bit Server VM (21.0.6+8-b631.39) for windows-amd64 JRE (21.0.6+8-b631.39), built on 2025-02-04 by "builduser" with MS VC++ 16.10 / 16.11 (VS2019)

END.
