#
# There is insufficient memory for the Java Runtime Environment to continue.
# Native memory allocation (mmap) failed to map 536870912 bytes for G1 virtual space
# Possible reasons:
#   The system is out of physical RAM or swap space
#   The process is running with CompressedOops enabled, and the Java Heap may be blocking the growth of the native heap
# Possible solutions:
#   Reduce memory load on the system
#   Increase physical memory or swap space
#   Check if swap backing store is full
#   Decrease Java heap size (-Xmx/-Xms)
#   Decrease number of Java threads
#   Decrease Java thread stack sizes (-Xss)
#   Set larger code cache with -XX:ReservedCodeCacheSize=
#   JVM is running with Zero Based Compressed Oops mode in which the Java heap is
#     placed in the first 32GB address space. The Java Heap base address is the
#     maximum limit for the native heap growth. Please use -XX:HeapBaseMinAddress
#     to set the Java Heap base and to place the Java Heap above 32GB virtual address.
# This output file may be truncated or incomplete.
#
#  Out of Memory Error (os_windows.cpp:3550), pid=99660, tid=6000
#
# JRE version:  (17.0.7+8) (build )
# Java VM: Java HotSpot(TM) 64-Bit Server VM (17.0.7+8-LTS-224, mixed mode, emulated-client, sharing, tiered, compressed oops, compressed class ptrs, g1 gc, windows-amd64)
# No core dump will be written. Minidumps are not enabled by default on client versions of Windows
#

---------------  S U M M A R Y ------------

Command Line: -agentlib:jdwp=transport=dt_socket,address=127.0.0.1:12400,suspend=y,server=n -agentpath:C:\Users\82106\AppData\Local\Temp\idea_libasyncProfiler_dll_temp_folder\libasyncProfiler.dll=version,jfr,event=wall,interval=10ms,cstack=no,file=C:\Users\82106\IdeaSnapshots\Bus2Application_2025_03_26_205242.jfr,dbghelppath=C:\Users\82106\AppData\Local\Temp\idea_dbghelp_dll_temp_folder\dbghelp.dll,log=C:\Users\82106\AppData\Local\Temp\Bus2Application_2025_03_26_205242.jfr.log.txt,logLevel=DEBUG -XX:TieredStopAtLevel=1 -Dspring.output.ansi.enabled=always -Dcom.sun.management.jmxremote -Dspring.jmx.enabled=true -Dspring.liveBeansView.mbeanDomain -Dspring.application.admin.enabled=true -Dmanagement.endpoints.jmx.exposure.include=* -javaagent:C:\Users\82106\AppData\Local\JetBrains\IntelliJIdea2024.3\captureAgent\debugger-agent.jar -Dkotlinx.coroutines.debug.enable.creation.stack.trace=false -Ddebugger.agent.enable.coroutines=true -Dkotlinx.coroutines.debug.enable.flows.stack.trace=true -Dkotlinx.coroutines.debug.enable.mutable.state.flows.stack.trace=true -Dfile.encoding=UTF-8 kroryi.bus2.Bus2Application

Host: AMD Ryzen 5 3500X 6-Core Processor             , 6 cores, 31G,  Windows 10 , 64 bit Build 19041 (10.0.19041.5438)
Time: Wed Mar 26 20:52:43 2025  Windows 10 , 64 bit Build 19041 (10.0.19041.5438) elapsed time: 0.110974 seconds (0d 0h 0m 0s)

---------------  T H R E A D  ---------------

Current thread (0x0000016a4acde390):  JavaThread "Unknown thread" [_thread_in_vm, id=6000, stack(0x0000006104900000,0x0000006104a00000)]

Stack: [0x0000006104900000,0x0000006104a00000]
Native frames: (J=compiled Java code, j=interpreted, Vv=VM code, C=native code)
V  [jvm.dll+0x676a4a]
V  [jvm.dll+0x7d74f4]
V  [jvm.dll+0x7d8c9e]
V  [jvm.dll+0x7d9303]
V  [jvm.dll+0x2452c5]
V  [jvm.dll+0x6738f9]
V  [jvm.dll+0x668232]
V  [jvm.dll+0x302826]
V  [jvm.dll+0x309da6]
V  [jvm.dll+0x35952e]
V  [jvm.dll+0x35975f]
V  [jvm.dll+0x2d9a38]
V  [jvm.dll+0x2da9a4]
V  [jvm.dll+0x7a8fb1]
V  [jvm.dll+0x3670e1]
V  [jvm.dll+0x788359]
V  [jvm.dll+0x3ea5ef]
V  [jvm.dll+0x3ec071]
C  [jli.dll+0x5297]
C  [ucrtbase.dll+0x21bb2]
C  [KERNEL32.DLL+0x17374]
C  [ntdll.dll+0x4cc91]


---------------  P R O C E S S  ---------------

Threads class SMR info:
_java_thread_list=0x00007ffc15c94998, length=0, elements={
}

Java Threads: ( => current thread )

Other Threads:
  0x0000016a527a1170 GCTaskThread "GC Thread#0" [stack: 0x0000006104a00000,0x0000006104b00000] [id=95988]
  0x0000016a527b2170 ConcurrentGCThread "G1 Main Marker" [stack: 0x0000006104b00000,0x0000006104c00000] [id=104372]
  0x0000016a527b2a90 ConcurrentGCThread "G1 Conc#0" [stack: 0x0000006104c00000,0x0000006104d00000] [id=95256]

[error occurred during error reporting (printing all threads), id 0xc0000005, EXCEPTION_ACCESS_VIOLATION (0xc0000005) at pc=0x00007ffc154ca697]

VM state: not at safepoint (not fully initialized)

VM Mutex/Monitor currently owned by a thread:  ([mutex/lock_event])
[0x0000016a526e45f0] Heap_lock - owner thread: 0x0000016a4acde390

Heap address: 0x0000000600c00000, size: 8180 MB, Compressed Oops mode: Zero based, Oop shift amount: 3

CDS archive(s) mapped at: [0x0000000000000000-0x0000000000000000-0x0000000000000000), size 0, SharedBaseAddress: 0x0000000800000000, ArchiveRelocationMode: 0.
Narrow klass base: 0x0000000000000000, Narrow klass shift: 0, Narrow klass range: 0x0

GC Precious Log:
<Empty>

Heap:
 garbage-first heap   total 0K, used 0K [0x0000000600c00000, 0x0000000800000000)
  region size 4096K, 0 young (0K), 0 survivors (0K)

[error occurred during error reporting (printing heap information), id 0xc0000005, EXCEPTION_ACCESS_VIOLATION (0xc0000005) at pc=0x00007ffc158b00b9]

GC Heap History (0 events):
No events

Deoptimization events (0 events):
No events

Classes unloaded (0 events):
No events

Classes redefined (0 events):
No events

Internal exceptions (0 events):
No events

VM Operations (0 events):
No events

Events (2 events):
Event: 0.105 Loaded shared library C:\Program Files\Java\jdk-17\bin\java.dll
Event: 0.106 Loaded shared library C:\Program Files\Java\jdk-17\bin\zip.dll


Dynamic libraries:
0x00007ff600140000 - 0x00007ff600150000 	C:\Program Files\Java\jdk-17\bin\java.exe
0x00007ffc93a10000 - 0x00007ffc93c08000 	C:\Windows\SYSTEM32\ntdll.dll
0x00007ffc92eb0000 - 0x00007ffc92f72000 	C:\Windows\System32\KERNEL32.DLL
0x00007ffc910b0000 - 0x00007ffc913af000 	C:\Windows\System32\KERNELBASE.dll
0x00007ffc913b0000 - 0x00007ffc914b0000 	C:\Windows\System32\ucrtbase.dll
0x00007ffc8ba80000 - 0x00007ffc8ba99000 	C:\Program Files\Java\jdk-17\bin\jli.dll
0x00007ffc91eb0000 - 0x00007ffc91f5f000 	C:\Windows\System32\ADVAPI32.dll
0x00007ffc91ff0000 - 0x00007ffc9208e000 	C:\Windows\System32\msvcrt.dll
0x00007ffc93010000 - 0x00007ffc930af000 	C:\Windows\System32\sechost.dll
0x00007ffc93660000 - 0x00007ffc93783000 	C:\Windows\System32\RPCRT4.dll
0x00007ffc89170000 - 0x00007ffc8918b000 	C:\Program Files\Java\jdk-17\bin\VCRUNTIME140.dll
0x00007ffc918e0000 - 0x00007ffc91907000 	C:\Windows\System32\bcrypt.dll
0x00007ffc921d0000 - 0x00007ffc9236d000 	C:\Windows\System32\USER32.dll
0x00007ffc914b0000 - 0x00007ffc914d2000 	C:\Windows\System32\win32u.dll
0x00007ffc91f60000 - 0x00007ffc91f8b000 	C:\Windows\System32\GDI32.dll
0x00007ffc91910000 - 0x00007ffc91a2a000 	C:\Windows\System32\gdi32full.dll
0x00007ffc916e0000 - 0x00007ffc9177d000 	C:\Windows\System32\msvcp_win.dll
0x00007ffc85820000 - 0x00007ffc85aba000 	C:\Windows\WinSxS\amd64_microsoft.windows.common-controls_6595b64144ccf1df_6.0.19041.4355_none_60b8b9eb71f62e16\COMCTL32.dll
0x00007ffc8a150000 - 0x00007ffc8a15a000 	C:\Windows\SYSTEM32\VERSION.dll
0x00007ffc925b0000 - 0x00007ffc925df000 	C:\Windows\System32\IMM32.DLL
0x00007ffc8e730000 - 0x00007ffc8e73c000 	C:\Program Files\Java\jdk-17\bin\vcruntime140_1.dll
0x00007ffc84e10000 - 0x00007ffc84e9e000 	C:\Program Files\Java\jdk-17\bin\msvcp140.dll
0x00007ffc151e0000 - 0x00007ffc15dbd000 	C:\Program Files\Java\jdk-17\bin\server\jvm.dll
0x00007ffc91b40000 - 0x00007ffc91b48000 	C:\Windows\System32\PSAPI.DLL
0x00007ffc895a0000 - 0x00007ffc895a9000 	C:\Windows\SYSTEM32\WSOCK32.dll
0x00007ffc93790000 - 0x00007ffc937fb000 	C:\Windows\System32\WS2_32.dll
0x00007ffc89100000 - 0x00007ffc89127000 	C:\Windows\SYSTEM32\WINMM.dll
0x00007ffc8ef50000 - 0x00007ffc8ef62000 	C:\Windows\SYSTEM32\kernel.appcore.dll
0x00007ffc89160000 - 0x00007ffc8916a000 	C:\Program Files\Java\jdk-17\bin\jimage.dll
0x00007ffc86690000 - 0x00007ffc86874000 	C:\Windows\SYSTEM32\DBGHELP.DLL
0x00007ffc764b0000 - 0x00007ffc764e4000 	C:\Windows\SYSTEM32\dbgcore.DLL
0x00007ffc914e0000 - 0x00007ffc91562000 	C:\Windows\System32\bcryptPrimitives.dll
0x00007ffc84440000 - 0x00007ffc8447b000 	C:\Program Files\Java\jdk-17\bin\jdwp.dll
0x00007ffc7b090000 - 0x00007ffc7b29e000 	C:\Users\82106\AppData\Local\Temp\idea_libasyncProfiler_dll_temp_folder\libasyncProfiler.dll
0x00007ffc84430000 - 0x00007ffc8443e000 	C:\Program Files\Java\jdk-17\bin\instrument.dll
0x00007ffc85570000 - 0x00007ffc85595000 	C:\Program Files\Java\jdk-17\bin\java.dll
0x00007ffc85530000 - 0x00007ffc85548000 	C:\Program Files\Java\jdk-17\bin\zip.dll

dbghelp: loaded successfully - version: 4.0.5 - missing functions: none
symbol engine: initialized successfully - sym options: 0x614 - pdb path: .;C:\Program Files\Java\jdk-17\bin;C:\Windows\SYSTEM32;C:\Windows\WinSxS\amd64_microsoft.windows.common-controls_6595b64144ccf1df_6.0.19041.4355_none_60b8b9eb71f62e16;C:\Program Files\Java\jdk-17\bin\server;C:\Users\82106\AppData\Local\Temp\idea_libasyncProfiler_dll_temp_folder

VM Arguments:
jvm_args: -agentlib:jdwp=transport=dt_socket,address=127.0.0.1:12400,suspend=y,server=n -agentpath:C:\Users\82106\AppData\Local\Temp\idea_libasyncProfiler_dll_temp_folder\libasyncProfiler.dll=version,jfr,event=wall,interval=10ms,cstack=no,file=C:\Users\82106\IdeaSnapshots\Bus2Application_2025_03_26_205242.jfr,dbghelppath=C:\Users\82106\AppData\Local\Temp\idea_dbghelp_dll_temp_folder\dbghelp.dll,log=C:\Users\82106\AppData\Local\Temp\Bus2Application_2025_03_26_205242.jfr.log.txt,logLevel=DEBUG -XX:TieredStopAtLevel=1 -Dspring.output.ansi.enabled=always -Dcom.sun.management.jmxremote -Dspring.jmx.enabled=true -Dspring.liveBeansView.mbeanDomain -Dspring.application.admin.enabled=true -Dmanagement.endpoints.jmx.exposure.include=* -javaagent:C:\Users\82106\AppData\Local\JetBrains\IntelliJIdea2024.3\captureAgent\debugger-agent.jar -Dkotlinx.coroutines.debug.enable.creation.stack.trace=false -Ddebugger.agent.enable.coroutines=true -Dkotlinx.coroutines.debug.enable.flows.stack.trace=true -Dkotlinx.coroutines.debug.enable.mutable.state.flows.stack.trace=true -Dfile.encoding=UTF-8 
java_command: kroryi.bus2.Bus2Application
java_class_path (initial): C:\Users\82106\IdeaProjects\bus2\target\classes;C:\Users\82106\.m2\repository\org\springframework\boot\spring-boot-starter-thymeleaf\3.4.3\spring-boot-starter-thymeleaf-3.4.3.jar;C:\Users\82106\.m2\repository\org\springframework\boot\spring-boot-starter\3.4.3\spring-boot-starter-3.4.3.jar;C:\Users\82106\.m2\repository\org\springframework\boot\spring-boot-starter-logging\3.4.3\spring-boot-starter-logging-3.4.3.jar;C:\Users\82106\.m2\repository\org\apache\logging\log4j\log4j-to-slf4j\2.24.3\log4j-to-slf4j-2.24.3.jar;C:\Users\82106\.m2\repository\org\apache\logging\log4j\log4j-api\2.24.3\log4j-api-2.24.3.jar;C:\Users\82106\.m2\repository\org\slf4j\jul-to-slf4j\2.0.16\jul-to-slf4j-2.0.16.jar;C:\Users\82106\.m2\repository\jakarta\annotation\jakarta.annotation-api\2.1.1\jakarta.annotation-api-2.1.1.jar;C:\Users\82106\.m2\repository\org\yaml\snakeyaml\2.3\snakeyaml-2.3.jar;C:\Users\82106\.m2\repository\org\thymeleaf\thymeleaf-spring6\3.1.3.RELEASE\thymeleaf-spring6-3.1.3.RELEASE.jar;C:\Users\82106\.m2\repository\org\springframework\boot\spring-boot-starter-web\3.4.3\spring-boot-starter-web-3.4.3.jar;C:\Users\82106\.m2\repository\org\springframework\boot\spring-boot-starter-json\3.4.3\spring-boot-starter-json-3.4.3.jar;C:\Users\82106\.m2\repository\com\fasterxml\jackson\datatype\jackson-datatype-jdk8\2.18.2\jackson-datatype-jdk8-2.18.2.jar;C:\Users\82106\.m2\repository\com\fasterxml\jackson\datatype\jackson-datatype-jsr310\2.18.2\jackson-datatype-jsr310-2.18.2.jar;C:\Users\82106\.m2\repository\com\fasterxml\jackson\module\jackson-module-parameter-names\2.18.2\jackson-module-parameter-names-2.18.2.jar;C:\Users\82106\.m2\repository\org\springframework\boot\spring-boot-starter-tomcat\3.4.3\spring-boot-starter-tomcat-3.4.3.jar;C:\Users\82106\.m2\repository\org\apache\tomcat\embed\tomcat-embed-core\10.1.36\tomcat-embed-core-10.1.36.jar;C:\Users\82106\.m2\repository\org\apache\tomcat\embed\tomcat-embed-el\10.1.36\tomcat-embed-el-10.1.36.jar;C:\Users\8
Launcher Type: SUN_STANDARD

[Global flags]
     intx CICompilerCount                          = 3                                         {product} {ergonomic}
     uint ConcGCThreads                            = 2                                         {product} {ergonomic}
     uint G1ConcRefinementThreads                  = 6                                         {product} {ergonomic}
   size_t G1HeapRegionSize                         = 4194304                                   {product} {ergonomic}
    uintx GCDrainStackTargetSize                   = 64                                        {product} {ergonomic}
   size_t InitialHeapSize                          = 536870912                                 {product} {ergonomic}
     bool ManagementServer                         = true                                      {product} {command line}
   size_t MarkStackSize                            = 4194304                                   {product} {ergonomic}
   size_t MaxHeapSize                              = 8577351680                                {product} {ergonomic}
   size_t MinHeapDeltaBytes                        = 4194304                                   {product} {ergonomic}
   size_t MinHeapSize                              = 8388608                                   {product} {ergonomic}
    uintx NonProfiledCodeHeapSize                  = 0                                      {pd product} {ergonomic}
     bool ProfileInterpreter                       = false                                  {pd product} {command line}
    uintx ProfiledCodeHeapSize                     = 0                                      {pd product} {ergonomic}
   size_t SoftMaxHeapSize                          = 8577351680                             {manageable} {ergonomic}
     intx TieredStopAtLevel                        = 1                                         {product} {command line}
     bool UseCompressedClassPointers               = true                           {product lp64_product} {ergonomic}
     bool UseCompressedOops                        = true                           {product lp64_product} {ergonomic}
     bool UseG1GC                                  = true                                      {product} {ergonomic}
     bool UseLargePagesIndividualAllocation        = false                                  {pd product} {ergonomic}

Logging:
Log output configuration:
 #0: stdout all=warning uptime,level,tags
 #1: stderr all=off uptime,level,tags

Environment Variables:
JAVA_HOME=C:\Program Files\Java\jdk-8.0.392.8-hotspot\
PATH=C:\Program Files\Java\jdk-8.0.392.8-hotspot\bin;C:\Program Files\Common Files\Oracle\Java\javapath;C:\Program Files (x86)\Razer Chroma SDK\bin;C:\Program Files\Razer Chroma SDK\bin;C:\Program Files (x86)\Razer\ChromaBroadcast\bin;C:\Program Files\Razer\ChromaBroadcast\bin;C:\Windows\system32;C:\Windows;C:\Windows\System32\Wbem;C:\Windows\System32\WindowsPowerShell\v1.0\;C:\Windows\System32\OpenSSH\;C:\Program Files (x86)\NVIDIA Corporation\PhysX\Common;C:\Windows\system32\config\systemprofile\AppData\Local\Microsoft\WindowsApps;C:\Program Files\Git\cmd;C:\Program Files\Redis\;C:\Users\82106\AppData\Local\Microsoft\WindowsApps;C:\Program Files\Bandizip\;C:\Users\82106\AppData\Local\Programs\Microsoft VS Code\bin;C:\Program Files\JetBrains\IntelliJ IDEA Community Edition 2023.2.5\bin;
USERNAME=82106
OS=Windows_NT
PROCESSOR_IDENTIFIER=AMD64 Family 23 Model 113 Stepping 0, AuthenticAMD



---------------  S Y S T E M  ---------------

OS:
 Windows 10 , 64 bit Build 19041 (10.0.19041.5438)
OS uptime: 19 days 0:28 hours

CPU: total 6 (initial active 6) (6 cores per cpu, 1 threads per core) family 23 model 113 stepping 0 microcode 0x0, cx8, cmov, fxsr, mmx, 3dnowpref, sse, sse2, sse3, ssse3, sse4a, sse4.1, sse4.2, popcnt, lzcnt, tsc, tscinvbit, avx, avx2, aes, clmul, bmi1, bmi2, adx, sha, fma, vzeroupper, clflush, clflushopt

Memory: 4k page, system-wide physical 32717M (6838M free)
TotalPageFile size 45005M (AvailPageFile size 394M)
current process WorkingSet (physical memory assigned to process): 13M, peak: 13M
current process commit charge ("private bytes"): 63M, peak: 574M

vm_info: Java HotSpot(TM) 64-Bit Server VM (17.0.7+8-LTS-224) for windows-amd64 JRE (17.0.7+8-LTS-224), built on Feb 28 2023 23:03:02 by "mach5one" with MS VC++ 17.1 (VS2022)

END.
